Unable to capture context for thread 6988 in process 3160, can not generate back trace
Unable to capture context for thread 14968 in process 3160, can not generate back trace
Unable to capture context for thread 7320 in process 3160, can not generate back trace
Exception at PC 0x00007FFFF1BBBB93
Printing stacktrace...

Exception at PC 0x00007FF8D8A7F85C
Unable to capture context for thread 3720 in process 3160, can not generate back trace
Exception at PC 0x00007FF8D8A7F85C
Exception at PC 0x00007FF8D8A7F85C
Exception at PC 0x00007FF8D8A7F85C
Exception at PC 0x00007FF8D8A7F85C
Exception at PC 0x00007FF8D8A7F85C
Exception at PC 0x00007FF8D8A7F85C
Exception at PC 0x00007FF8D8A7F85C
Exception at PC 0x00007FF8D8A7F85C
Exception at PC 0x00007FF8D8A7F85C
Exception at PC 0x00007FF8D8A7F85C
Exception at PC 0x00007FF8D8A7F85C
Exception at PC 0x00007FF8D8A7F85C
Exception at PC 0x00007FF8D8A7F85C
Exception at PC 0x00007FF8D8A7F85C
Exception at PC 0x00007FF8D8A7F85C
Exception at PC 0x00007FF8D8A7F85C
Exception at PC 0x00007FF8D8A7F85C
[0]  [0x00007FFFF1BBBB93]
[1]  [0x00007FFFF1BBBB93]
[2]  [0x00007FFFF1BBB4A1]
[3]  [0x00007FFFF1BBB459]
[4]  [0x00007FFFF1BA19FE]
[5]  [0x00007FFFF1BA0ED1]
[6]  [0x00007FFFF1BA0D76]
[7]  [0x00007FFFF1B479F6]
[8]  [0x00007FFFF1B37AFB]
[9]  [0x00007FFFF1C5E90A]
[10]  [0x00007FFFF1C79F87]
[11]  [0x00007FFFF1C7A05F]
[12] (BaseThreadInitThunk+0x1d) [0x00007FF8D9DE244D]
[13] (RtlUserThreadStart+0x28) [0x00007FF8DB0EDF88]
Done
